\BOOKMARK [1][-]{section.1}{Objectives}{}% 1
\BOOKMARK [2][-]{paragraph.1.0.0.1}{Time frame}{section.1}% 2
\BOOKMARK [1][-]{section.2}{Background}{}% 3
\BOOKMARK [2][-]{subsection.2.1}{Introduction}{section.2}% 4
\BOOKMARK [2][-]{subsection.2.2}{Prior Work}{section.2}% 5
\BOOKMARK [2][-]{subsection.2.3}{Boston Dynamics}{section.2}% 6
\BOOKMARK [1][-]{section.3}{Research}{}% 7
\BOOKMARK [2][-]{subsection.3.1}{History of Quadrupedal Robotics}{section.3}% 8
\BOOKMARK [2][-]{subsection.3.2}{Basic Dynamics in Quadrupeds}{section.3}% 9
\BOOKMARK [2][-]{subsection.3.3}{Gaits}{section.3}% 10
\BOOKMARK [3][-]{subsubsection.3.3.1}{What is a gait}{subsection.3.3}% 11
\BOOKMARK [3][-]{subsubsection.3.3.2}{Types of gaits}{subsection.3.3}% 12
\BOOKMARK [2][-]{subsection.3.4}{Notable Quadrupedal Robots}{section.3}% 13
\BOOKMARK [3][-]{subsubsection.3.4.1}{Boston Dynamics\220 Spot Mini}{subsection.3.4}% 14
\BOOKMARK [3][-]{subsubsection.3.4.2}{MITs Cheetah}{subsection.3.4}% 15
\BOOKMARK [2][-]{subsection.3.5}{SmallKat V1 \046 V2}{section.3}% 16
\BOOKMARK [3][-]{subsubsection.3.5.1}{Electrical}{subsection.3.5}% 17
\BOOKMARK [3][-]{subsubsection.3.5.2}{Computer Science}{subsection.3.5}% 18
\BOOKMARK [3][-]{subsubsection.3.5.3}{Mechanical}{subsection.3.5}% 19
\BOOKMARK [1][-]{section.4}{Methodology}{}% 20
\BOOKMARK [2][-]{subsection.4.1}{Electronics Design}{section.4}% 21
\BOOKMARK [3][-]{subsubsection.4.1.1}{Requirements}{subsection.4.1}% 22
\BOOKMARK [3][-]{subsubsection.4.1.2}{Motors}{subsection.4.1}% 23
\BOOKMARK [4][-]{paragraph.4.1.2.1}{Frequency}{subsubsection.4.1.2}% 24
\BOOKMARK [4][-]{paragraph.4.1.2.2}{Testing}{subsubsection.4.1.2}% 25
\BOOKMARK [3][-]{subsubsection.4.1.3}{Micro-Controllers}{subsection.4.1}% 26
\BOOKMARK [3][-]{subsubsection.4.1.4}{IMU}{subsection.4.1}% 27
\BOOKMARK [3][-]{subsubsection.4.1.5}{Foot Pressure Sensors}{subsection.4.1}% 28
\BOOKMARK [3][-]{subsubsection.4.1.6}{Communication Protocol}{subsection.4.1}% 29
\BOOKMARK [4][-]{paragraph.4.1.6.1}{Micro-controller to Micro-controller}{subsubsection.4.1.6}% 30
\BOOKMARK [4][-]{paragraph.4.1.6.2}{Micro-controller to Computer}{subsubsection.4.1.6}% 31
\BOOKMARK [2][-]{subsection.4.2}{Software and Controls}{section.4}% 32
\BOOKMARK [3][-]{subsubsection.4.2.1}{Low-Level Control Software}{subsection.4.2}% 33
\BOOKMARK [3][-]{subsubsection.4.2.2}{Master Controller}{subsection.4.2}% 34
\BOOKMARK [3][-]{subsubsection.4.2.3}{Motors}{subsection.4.2}% 35
\BOOKMARK [3][-]{subsubsection.4.2.4}{IMU}{subsection.4.2}% 36
\BOOKMARK [3][-]{subsubsection.4.2.5}{Foot Sensor}{subsection.4.2}% 37
\BOOKMARK [3][-]{subsubsection.4.2.6}{High-Level Control Software}{subsection.4.2}% 38
\BOOKMARK [3][-]{subsubsection.4.2.7}{Software Platforms}{subsection.4.2}% 39
\BOOKMARK [3][-]{subsubsection.4.2.8}{High-Level Controller}{subsection.4.2}% 40
\BOOKMARK [3][-]{subsubsection.4.2.9}{Localization and User Control Software}{subsection.4.2}% 41
\BOOKMARK [2][-]{subsection.4.3}{Mechanical Design}{section.4}% 42
\BOOKMARK [3][-]{subsubsection.4.3.1}{Design Considerations}{subsection.4.3}% 43
\BOOKMARK [3][-]{subsubsection.4.3.2}{Controls Equations}{subsection.4.3}% 44
\BOOKMARK [3][-]{subsubsection.4.3.3}{4 dof}{subsection.4.3}% 45
\BOOKMARK [3][-]{subsubsection.4.3.4}{Motor Tests}{subsection.4.3}% 46
\BOOKMARK [1][-]{section.5}{Development and Implementation}{}% 47
\BOOKMARK [1][-]{section.6}{Results}{}% 48
\BOOKMARK [1][-]{section.7}{Conclusion and Future Work}{}% 49
\BOOKMARK [1][-]{section.8}{Conclusion}{}% 50
\BOOKMARK [1][-]{section.9}{Glossary}{}% 51
